<?xml version="1.0" encoding="UTF-8"?>
<!-- Generated by org.testng.reporters.JUnitReportReporter -->
<testsuite hostname="LAPTOP-7N50JD64" name="TestCases.HomeTestCase" tests="1" failures="0" timestamp="3 Nov 2021 09:33:07 GMT" time="2.008" errors="0">
  <testcase name="HomePageAdminOperation" time="2.008" classname="TestCases.HomeTestCase"/>
</testsuite> <!-- TestCases.HomeTestCase -->
